<?xml version="1.0" encoding="UTF-8"?>
<!-- Generated by org.testng.reporters.JUnitXMLReporter -->
<testsuite hostname="LAPTOP-V2LQLCOS" failures="1" tests="13" name="Test1" time="30.451" errors="0" timestamp="9 Oct 2021 13:04:47 GMT">
  <testcase classname="tests.SparklingWaterMakersPageTest" name="setExtentReport" time="0.007"/>
  <testcase classname="tests.SparklingWaterMakersPageTest" name="enterToFizziSpiritPage" time="3.35"/>
  <testcase classname="tests.SparklingWaterMakersPageTest" name="checkThumbnailImages" time="1.582"/>
  <testcase classname="tests.SparklingWaterMakersPageTest" name="checkDifferenPackImage" time="0.614"/>
  <testcase classname="tests.SparklingWaterMakersPageTest" name="checkDiffernetColors" time="1.41"/>
  <testcase classname="tests.SparklingWaterMakersPageTest" name="checkBlueVariantGoogleCampaign" time="3.869"/>
  <testcase classname="tests.SparklingWaterMakersPageTest" name="checkVideoOnMouseOverImages" time="0.502"/>
  <testcase classname="tests.SparklingWaterMakersPageTest" name="checkScoreFilter" time="1.453"/>
  <testcase classname="tests.SparklingWaterMakersPageTest" name="checkThumbButtonCounter" time="2.301">
    <failure type="java.lang.AssertionError" message="expected [0] but found [1]">
      <![CDATA[java.lang.AssertionError: expected [0] but found [1]
	at pages.SodaStreamFAQandReviewSection.clickOnThumbButton(SodaStreamFAQandReviewSection.java:122)
	at tests.SparklingWaterMakersPageTest.checkThumbButtonCounter(SparklingWaterMakersPageTest.java:133)
	at java.base/java.util.concurrent.FutureTask.run(FutureTask.java:264)
	at java.base/java.util.concurrent.ThreadPoolExecutor.runWorker(ThreadPoolExecutor.java:1130)
	at java.base/java.util.concurrent.ThreadPoolExecutor$Worker.run(ThreadPoolExecutor.java:630)
	at java.base/java.lang.Thread.run(Thread.java:831)
... Removed 21 stack frames]]>
    </failure>
  </testcase> <!-- checkThumbButtonCounter -->
  <testcase classname="tests.SparklingWaterMakersPageTest" name="checkSortFilter" time="0.815"/>
  <testcase classname="tests.SparklingWaterMakersPageTest" name="checkAllQuestionsAndFAQ" time="2.398"/>
  <testcase classname="tests.SparklingWaterMakersPageTest" name="checkBuyPack" time="7.941"/>
  <testcase classname="tests.SparklingWaterMakersPageTest" name="checkAnotherPage" time="4.19"/>
</testsuite> <!-- Test1 -->
